Content-Type: text/plain; charset="utf-8"
MIME-Version: 1.0
Content-Transfer-Encoding: 7bit
Subject: Password reset on 127.0.0.1:8000
From: webmaster@localhost
To: trendyhuman19@gmail.com
Date: Thu, 23 Apr 2020 03:53:14 -0000
Message-ID: <158761399473.18276.6277232484328315834@LAPTOP-J9USKS73>


You're receiving this email because you requested a password reset for your user account at 127.0.0.1:8000.

Please go to the following page and choose a new password:

http://127.0.0.1:8000/password_reset/confirm/MjA/5fw-4fe277377ddf5c362f46/

Your username, in case you've forgotten: trendyhuman.in

Thanks for using our site!

The 127.0.0.1:8000 team



-------------------------------------------------------------------------------
Content-Type: text/plain; charset="utf-8"
MIME-Version: 1.0
Content-Transfer-Encoding: 7bit
Subject: Password reset on 127.0.0.1:8000
From: webmaster@localhost
To: trendyhuman19@gmail.com
Date: Thu, 23 Apr 2020 03:53:14 -0000
Message-ID: <158761399474.18276.9535027507480877903@LAPTOP-J9USKS73>


You're receiving this email because you requested a password reset for your user account at 127.0.0.1:8000.

Please go to the following page and choose a new password:

http://127.0.0.1:8000/password_reset/confirm/MjE/5fw-e5604d6990794da14de9/

Your username, in case you've forgotten: trendyhuman.in11

Thanks for using our site!

The 127.0.0.1:8000 team



-------------------------------------------------------------------------------
